<?xml version="1.0" encoding="UTF-8"?>
<!-- Generated by org.testng.reporters.JUnitReportReporter -->
<testsuite skipped="0" hostname="ZS-DSK-0014" name="test.TestcaseCreation" tests="1" failures="0" timestamp="13 Mar 2020 11:00:29 GMT" time="46.018" errors="0">
  <testcase name="testCaseCreation" time="46.018" classname="test.TestcaseCreation"/>
</testsuite> <!-- test.TestcaseCreation -->
