<?xml version="1.0" encoding="UTF-8"?>
<!-- Generated by org.testng.reporters.JUnitReportReporter -->
<testsuite skipped="0" hostname="ZS-DSK-0014" name="test.TestDocumentPreview" tests="1" failures="0" timestamp="13 Mar 2020 11:00:29 GMT" time="24.696" errors="0">
  <testcase name="testDocumentPreview" time="24.696" classname="test.TestDocumentPreview"/>
</testsuite> <!-- test.TestDocumentPreview -->
