<?xml version="1.0" encoding="UTF-8"?>
<!-- Generated by org.testng.reporters.JUnitReportReporter -->
<testsuite skipped="0" hostname="ZS-DSK-0014" name="test.TestAddDocument" tests="1" failures="0" timestamp="16 Mar 2020 04:46:53 GMT" time="35.977" errors="0">
  <testcase name="testAddDocument" time="35.977" classname="test.TestAddDocument"/>
</testsuite> <!-- test.TestAddDocument -->
