<?xml version="1.0" encoding="UTF-8"?>
<!-- Generated by org.testng.reporters.JUnitReportReporter -->
<testsuite skipped="0" hostname="ZS-DSK-0014" name="test.TestAddDocument" tests="1" failures="0" timestamp="13 Mar 2020 11:06:57 GMT" time="34.081" errors="0">
  <testcase name="testAddDocument" time="34.081" classname="test.TestAddDocument"/>
</testsuite> <!-- test.TestAddDocument -->
