<?xml version="1.0" encoding="UTF-8"?>
<!-- Generated by org.testng.reporters.JUnitReportReporter -->
<testsuite skipped="0" hostname="ZS-DSK-0014" name="test.TestAddDocument" tests="1" failures="0" timestamp="17 Mar 2020 03:46:54 GMT" time="32.081" errors="0">
  <testcase name="testAddDocument" time="32.081" classname="test.TestAddDocument"/>
</testsuite> <!-- test.TestAddDocument -->
