<?xml version="1.0" encoding="UTF-8"?>
<!-- Generated by org.testng.reporters.JUnitReportReporter -->
<testsuite skipped="0" hostname="ZS-DSK-0014" name="TestPatrixmaven.TestDocumentPreview" tests="1" failures="0" timestamp="10 Mar 2020 08:51:04 GMT" time="14.973" errors="0">
  <testcase name="testDocumentPreview" time="14.973" classname="TestPatrixmaven.TestDocumentPreview"/>
</testsuite> <!-- TestPatrixmaven.TestDocumentPreview -->
