<?xml version="1.0" encoding="UTF-8"?>
<!-- Generated by org.testng.reporters.JUnitReportReporter -->
<testsuite skipped="0" hostname="ZS-DSK-0014" name="TestPatrixmaven.DocumentPreviewTest" tests="1" failures="0" timestamp="08 Mar 2020 10:04:40 GMT" time="16.283" errors="0">
  <testcase name="mytest" time="16.283" classname="TestPatrixmaven.DocumentPreviewTest"/>
</testsuite> <!-- TestPatrixmaven.DocumentPreviewTest -->
