<?xml version="1.0" encoding="UTF-8"?>
<!-- Generated by org.testng.reporters.JUnitReportReporter -->
<testsuite skipped="0" hostname="ZS-DSK-0014" name="TestPatrixmaven.TestAddDocument" tests="1" failures="0" timestamp="12 Mar 2020 05:40:37 GMT" time="33.108" errors="0">
  <testcase name="testAddDocument" time="33.108" classname="TestPatrixmaven.TestAddDocument"/>
</testsuite> <!-- TestPatrixmaven.TestAddDocument -->
