<?xml version="1.0" encoding="UTF-8"?>
<!-- Generated by org.testng.reporters.JUnitReportReporter -->
<testsuite skipped="0" hostname="ZS-DSK-0014" name="test.TestPartiesInvalid" tests="1" failures="1" timestamp="22 Apr 2020 08:22:40 GMT" time="39.443" errors="0">
  <testcase name="testpartiesinvalid" time="39.443" classname="test.TestPartiesInvalid">
    <failure type="java.lang.AssertionError" message="FAIL- parties are not created">
      <![CDATA[java.lang.AssertionError: FAIL- parties are not created
	at org.testng.Assert.fail(Assert.java:93)
	at pages.PartiesInvalid.Partiesvalid(PartiesInvalid.java:126)
	at test.TestPartiesInvalid.testpartiesinvalid(TestPartiesInvalid.java:39)
	at sun.reflect.NativeMethodAccessorImpl.invoke0(Native Method)
	at sun.reflect.NativeMethodAccessorImpl.invoke(Unknown Source)
	at sun.reflect.DelegatingMethodAccessorImpl.invoke(Unknown Source)
	at java.lang.reflect.Method.invoke(Unknown Source)
	at org.testng.internal.MethodInvocationHelper.invokeMethod(MethodInvocationHelper.java:108)
	at org.testng.internal.Invoker.invokeMethod(Invoker.java:661)
	at org.testng.internal.Invoker.invokeTestMethod(Invoker.java:869)
	at org.testng.internal.Invoker.invokeTestMethods(Invoker.java:1193)
	at org.testng.internal.TestMethodWorker.invokeTestMethods(TestMethodWorker.java:126)
	at org.testng.internal.TestMethodWorker.run(TestMethodWorker.java:109)
	at org.testng.TestRunner.privateRun(TestRunner.java:744)
	at org.testng.TestRunner.run(TestRunner.java:602)
	at org.testng.SuiteRunner.runTest(SuiteRunner.java:380)
	at org.testng.SuiteRunner.runSequentially(SuiteRunner.java:375)
	at org.testng.SuiteRunner.privateRun(SuiteRunner.java:340)
	at org.testng.SuiteRunner.run(SuiteRunner.java:289)
	at org.testng.SuiteRunnerWorker.runSuite(SuiteRunnerWorker.java:52)
	at org.testng.SuiteRunnerWorker.run(SuiteRunnerWorker.java:86)
	at org.testng.TestNG.runSuitesSequentially(TestNG.java:1301)
	at org.testng.TestNG.runSuitesLocally(TestNG.java:1226)
	at org.testng.TestNG.runSuites(TestNG.java:1144)
	at org.testng.TestNG.run(TestNG.java:1115)
	at test.PatriciaTestNGXML.xml(PatriciaTestNGXML.java:134)
	at test.PatriciaTestNGXML.main(PatriciaTestNGXML.java:144)
]]>
    </failure>
  </testcase> <!-- testpartiesinvalid -->
</testsuite> <!-- test.TestPartiesInvalid -->
