<?xml version="1.0" encoding="UTF-8"?>
<!-- Generated by org.testng.reporters.JUnitReportReporter -->
<testsuite skipped="0" hostname="ZS-DSK-0014" name="TestPatrixmaven.TestAddDocument" tests="1" failures="0" timestamp="12 Mar 2020 11:41:15 GMT" time="33.670" errors="0">
  <testcase name="testAddDocument" time="33.670" classname="TestPatrixmaven.TestAddDocument"/>
</testsuite> <!-- TestPatrixmaven.TestAddDocument -->
