<?xml version="1.0" encoding="UTF-8"?>
<!-- Generated by org.testng.reporters.JUnitReportReporter -->
<testsuite skipped="0" hostname="ZS-DSK-0014" name="test.TestMandatoryFields" tests="1" failures="0" timestamp="22 Apr 2020 08:22:40 GMT" time="25.419" errors="0">
  <testcase name="testmandatoryfields" time="25.419" classname="test.TestMandatoryFields"/>
</testsuite> <!-- test.TestMandatoryFields -->
