<?xml version="1.0" encoding="UTF-8"?>
<!-- Generated by org.testng.reporters.JUnitReportReporter -->
<testsuite skipped="0" hostname="ZS-DSK-0014" name="TestPatrixmaven.Mytest" tests="1" failures="0" timestamp="08 Mar 2020 09:01:54 GMT" time="2.801" errors="0">
  <testcase name="mytest" time="2.801" classname="TestPatrixmaven.Mytest"/>
</testsuite> <!-- TestPatrixmaven.Mytest -->
